sample.interval=20000
"eval" "eval" "model.frame.default" "stats::model.frame" "eval" "eval" "lm" 
"cmpCallArgs" "cmpCallSymFun" "cmpCall" "cmp" "cmpSymbolAssign" "h" "tryInline" "cmpCall" "cmp" "h" "tryInline" "cmpCall" "cmp" "genCode" "cmpfun" "doTryCatch" "tryCatchOne" "tryCatchList" "tryCatch" "compiler:::tryCmpfun" "FUN" "lapply" ".rs.recordTraceback" "<Anonymous>" "eval" "eval" "model.frame.default" "stats::model.frame" "eval" "eval" "lm" 
".Call" ".rs.getKnitParamsForDocument" ".rs.injectKnitrParamsObject" ".rs.rpc.get_completions" 
".rs.rpc.get_completions" 
"ls" "FUN" "lapply" ".rs.objectsOnSearchPath" ".rs.getCompletionsSearchPath" "Reduce" ".rs.rpc.get_completions" 
"ls" "FUN" "lapply" ".rs.objectsOnSearchPath" ".rs.getCompletionsSearchPath" "Reduce" ".rs.rpc.get_completions" 
"gsub" ".rs.fuzzyMatches" ".rs.getCompletionsSearchPath" "Reduce" ".rs.rpc.get_completions" 
"tolower" "nchar" ".rs.startsWith" ".rs.fuzzyMatches" ".rs.getCompletionsSearchPath" "Reduce" ".rs.rpc.get_completions" 
"findCenvVar" "getInlineInfo" "tryInline" "cmpCall" "cmp" "h" "tryInline" "cmpCall" "cmp" "genCode" "cmpfun" "doTryCatch" "tryCatchOne" "tryCatchList" "tryCatch" "compiler:::tryCmpfun" ".rs.makeCompletions" ".rs.emptyCompletions" ".rs.getCompletionsNAMESPACE" "Reduce" ".rs.rpc.get_completions" 
"constantFold" "cmp" "cmpSubsetDispatch" "h" "tryInline" "cmpCall" "cmp" "cmpSymbolAssign" "h" "tryInline" "cmpCall" "cmp" "h" "tryInline" "cmpCall" "cmp" "h" "tryInline" "cmpCall" "cmp" "h" "tryInline" "cmpCall" "cmp" "h" "tryInline" "cmpCall" "cmp" "genCode" "cmpfun" "doTryCatch" "tryCatchOne" "tryCatchList" "tryCatch" "compiler:::tryCmpfun" ".rs.makeCompletions" ".rs.emptyCompletions" ".rs.getCompletionsNAMESPACE" "Reduce" ".rs.rpc.get_completions" 
"c" "append" "FUN" "lapply" "FUN" "lapply" "findLocalsList1" "findLocalsList" "funEnv" "make.functionContext" "cmpfun" "doTryCatch" "tryCatchOne" "tryCatchList" "tryCatch" "compiler:::tryCmpfun" "f" "Reduce" ".rs.rpc.get_completions" 
"findCenvVar" "getInlineInfo" "tryInline" "cmpCall" "cmp" "h" "tryInline" "cmpCall" "cmp" "h" "tryInline" "cmpCall" "cmp" "h" "tryInline" "cmpCall" "cmp" "h" "tryInline" "cmpCall" "cmp" "genCode" "cmpfun" "doTryCatch" "tryCatchOne" "tryCatchList" "tryCatch" "compiler:::tryCmpfun" "f" "Reduce" ".rs.rpc.get_completions" 
"findCenvVar" "getInlineInfo" "tryInline" "cmpCall" "cmp" "h" "tryInline" "cmpCall" "cmp" "h" "tryInline" "cmpCall" "cmp" "h" "tryInline" "cmpCall" "cmp" "h" "tryInline" "cmpCall" "cmp" "genCode" "cmpfun" "doTryCatch" "tryCatchOne" "tryCatchList" "tryCatch" "compiler:::tryCmpfun" "f" "Reduce" ".rs.rpc.get_completions" 
"f" "Reduce" ".rs.rpc.get_completions" 
"findCenvVar" "getInlineInfo" "tryInline" "cmpCall" "cmp" "h" "tryInline" "cmpCall" "cmp" "genCode" "cmpfun" "doTryCatch" "tryCatchOne" "tryCatchList" "tryCatch" "compiler:::tryCmpfun" ".rs.sortCompletions" ".rs.rpc.get_completions" 
"tryInline" "cmpCall" "cmp" "cmpPrim2" "h" "tryInline" "cmpCall" "cmp" "h" "tryInline" "cmpCall" "cmp" "h" "tryInline" "cmpCall" "cmp" "genCode" "h" "tryInline" "cmpCall" "cmp" "genCode" "cb$putconst" "cmpCallArgs" "cmpCallSymFun" "cmpCall" "cmp" "cmpSymbolAssign" "h" "tryInline" "cmpCall" "cmp" "h" "tryInline" "cmpCall" "cmp" "genCode" "cmpfun" "doTryCatch" "tryCatchOne" "tryCatchList" "tryCatch" "compiler:::tryCmpfun" ".rs.recordTraceback" "<Anonymous>" 
"findCenvVar" "getInlineInfo" "tryInline" "cmpCall" "cmp" "h" "tryInline" "cmpCall" "cmp" "cmpForBody" "h" "tryInline" "cmpCall" "cmp" "h" "tryInline" "cmpCall" "cmp" "genCode" "cmpfun" "doTryCatch" "tryCatchOne" "tryCatchList" "tryCatch" "compiler:::tryCmpfun" ".rs.tracebackCalls" ".rs.recordTraceback" "<Anonymous>" 
"makeRestartList" "withRestarts" ".signalSimpleWarning" "rm" "withCallingHandlers" "suppressWarnings" ".rs.saveCachedData" 
"makeRestartList" "withRestarts" ".signalSimpleWarning" "rm" "withCallingHandlers" "suppressWarnings" ".rs.saveCachedData" 
"makeRestartList" "withRestarts" ".signalSimpleWarning" "rm" "withCallingHandlers" "suppressWarnings" ".rs.saveCachedData" 
"makeRestartList" "withRestarts" ".signalSimpleWarning" "rm" "withCallingHandlers" "suppressWarnings" ".rs.saveCachedData" 
